Arguments: 
  C:\Program Files\nodejs\node.exe C:\Users\user\AppData\Roaming\npm\node_modules\yarn\bin\yarn.js add @shopify/app-bridge/actions -W

PATH: 
  C:\Users\user\bin;C:\Program Files\Git\mingw64\bin;C:\Program Files\Git\usr\local\bin;C:\Program Files\Git\usr\bin;C:\Program Files\Git\usr\bin;C:\Program Files\Git\mingw64\bin;C:\Program Files\Git\usr\bin;C:\Users\user\bin;C:\Program Files\Common Files\Oracle\Java\javapath;C:\Windows\system32;C:\Windows;C:\Windows\System32\Wbem;C:\Windows\System32\WindowsPowerShell\v1.0;C:\Windows\System32\OpenSSH;C:\Program Files\nodejs;C:\Program Files\Git\cmd;C:\Program Files\MongoDB\mongosh-1.10.6-win32-x64\bin;C:\Ruby32-x64\bin;C:\Program Files\NVIDIA Corporation\NVIDIA NvDLISR;C:\Ruby32-x64\bin;C:\Users\user\AppData\Local\Microsoft\WindowsApps;C:\Users\user\AppData\Local\Programs\Microsoft VS Code\bin;C:\Users\user\AppData\Roaming\npm;C:\Users\user\AppData\Local\Programs\Azure Dev CLI;C:\Program Files\Git\usr\bin\vendor_perl;C:\Program Files\Git\usr\bin\core_perl

Yarn version: 
  1.22.19

Node version: 
  18.16.1

Platform: 
  win32 x64

Trace: 
  Error: https://registry.yarnpkg.com/@shopify%2fapp-bridge/actions: Request "https://registry.yarnpkg.com/@shopify%2fapp-bridge/actions" returned a 405
      at params.callback [as _callback] (C:\Users\user\AppData\Roaming\npm\node_modules\yarn\lib\cli.js:66154:18)
      at self.callback (C:\Users\user\AppData\Roaming\npm\node_modules\yarn\lib\cli.js:140890:22)
      at Request.emit (node:events:513:28)
      at Request.<anonymous> (C:\Users\user\AppData\Roaming\npm\node_modules\yarn\lib\cli.js:141862:10)
      at Request.emit (node:events:513:28)
      at IncomingMessage.<anonymous> (C:\Users\user\AppData\Roaming\npm\node_modules\yarn\lib\cli.js:141784:12)
      at Object.onceWrapper (node:events:627:28)
      at IncomingMessage.emit (node:events:525:35)
      at endReadableNT (node:internal/streams/readable:1359:12)
      at process.processTicksAndRejections (node:internal/process/task_queues:82:21)

npm manifest: 
  {
    "name": "pages-builder",
    "private": true,
    "scripts": {
      "build": "remix build",
      "predev": "prisma generate && prisma migrate deploy",
      "dev": "shopify app dev",
      "config:link": "shopify app config link",
      "config:push": "shopify app config push",
      "generate": "shopify app generate",
      "deploy": "shopify app deploy",
      "config:use": "shopify app config use",
      "env": "shopify app env",
      "start": "remix-serve build/index.js",
      "docker-start": "npm run setup && npm run start",
      "setup": "prisma generate && prisma migrate deploy",
      "lint": "eslint --cache --cache-location ./node_modules/.cache/eslint .",
      "shopify": "shopify",
      "prisma": "prisma",
      "prettify": "prettier --write \"**/*.{js,jsx,ts,tsx}\" --config .prettierrc"
    },
    "dependencies": {
      "@prisma/client": "^4.13.0",
      "@remix-run/dev": "^2.0.0",
      "@remix-run/node": "^2.0.0",
      "@remix-run/react": "^2.0.0",
      "@remix-run/serve": "^2.0.0",
      "@shopify/app": "3.51.2",
      "@shopify/app-bridge": "2.0.17",
      "@shopify/app-bridge-react": "2.0.14",
      "@shopify/cli": "3.51.2",
      "@shopify/polaris": "^12.0.0",
      "@shopify/shopify-api": "^8.0.2",
      "@shopify/shopify-app-remix": "^2.1.0",
      "@shopify/shopify-app-session-storage-prisma": "^2.0.0",
      "axios": "^1.6.2",
      "grapesjs": "^0.21.7",
      "grapesjs-blocks-basic": "^1.0.2",
      "grapesjs-plugin-ckeditor": "^1.0.1",
      "grapesjs-preset-webpage": "^1.0.3",
      "grapesjs-react": "^4.0.1",
      "isbot": "latest",
      "prisma": "^4.13.0",
      "react": "^18.2.0",
      "react-dom": "^18.2.0"
    },
    "devDependencies": {
      "@remix-run/eslint-config": "^2.0.0",
      "@shopify/app-bridge-types": "^0.0.3",
      "@types/eslint": "^8.40.0",
      "@types/node": "^20.6.3",
      "@types/react": "^18.2.31",
      "@types/react-dom": "^18.2.14",
      "eslint": "^8.42.0",
      "eslint-config-prettier": "^8.8.0",
      "prettier": "^2.8.8",
      "typescript": "^5.2.2"
    },
    "workspaces": [
      "extensions/*"
    ],
    "trustedDependencies": [
      "@shopify/plugin-cloudflare"
    ],
    "author": "user"
  }

yarn manifest: 
  No manifest

Lockfile: 
  No lockfile
